2018-07-20 10:58:57,291 DEBUG .a.i.l.LogFactory [main] Logging initialized using 'class org.apache.ibatis.logging.log4j2.Log4j2Impl' adapter.
2018-07-20 10:58:57,363 DEBUG .a.i.d.p.PooledDataSource [main] PooledDataSource forcefully closed/removed all connections.
2018-07-20 10:58:57,363 DEBUG .a.i.d.p.PooledDataSource [main] PooledDataSource forcefully closed/removed all connections.
2018-07-20 10:58:57,364 DEBUG .a.i.d.p.PooledDataSource [main] PooledDataSource forcefully closed/removed all connections.
2018-07-20 10:58:57,364 DEBUG .a.i.d.p.PooledDataSource [main] PooledDataSource forcefully closed/removed all connections.
2018-07-20 10:58:57,462 DEBUG .a.i.t.j.JdbcTransaction [main] Opening JDBC Connection
2018-07-20 10:58:57,662 DEBUG .a.i.d.p.PooledDataSource [main] Created connection 765284253.
2018-07-20 10:58:57,663 DEBUG .a.i.t.j.JdbcTransaction [main] Setting autocommit to false on JDBC Connection [oracle.jdbc.driver.T4CConnection@2d9d4f9d]
2018-07-20 10:58:57,664 DEBUG .m.P.isExists [main] ==>  Preparing: SELECT p.prodcode FROM product p WHERE p.prodcode = ? 
2018-07-20 10:58:57,718 DEBUG .m.P.isExists [main] ==> Parameters: S001(String)
2018-07-20 10:58:57,736 DEBUG .m.P.isExists [main] <==      Total: 0
2018-07-20 10:58:57,737 DEBUG .a.i.t.j.JdbcTransaction [main] Resetting autocommit to true on JDBC Connection [oracle.jdbc.driver.T4CConnection@2d9d4f9d]
2018-07-20 10:58:57,737 DEBUG .a.i.t.j.JdbcTransaction [main] Closing JDBC Connection [oracle.jdbc.driver.T4CConnection@2d9d4f9d]
2018-07-20 10:58:57,737 DEBUG .a.i.d.p.PooledDataSource [main] Returned connection 765284253 to pool.
2018-07-20 10:58:57,737 DEBUG .a.i.t.j.JdbcTransaction [main] Opening JDBC Connection
2018-07-20 10:58:57,737 DEBUG .a.i.d.p.PooledDataSource [main] Checked out connection 765284253 from pool.
2018-07-20 10:58:57,737 DEBUG .m.P.insert [main] ==>  Preparing: INSERT INTO product ( prodcode , prodname , price , quantity) VALUES ( ? ,? ,? ,? ) 
2018-07-20 10:58:57,738 DEBUG .m.P.insert [main] ==> Parameters: S001(String), 슈퍼스타(String), 87200(Integer), 5(Integer)
2018-07-20 10:58:57,739 DEBUG .m.P.insert [main] <==    Updates: 1
2018-07-20 10:58:57,740 DEBUG .a.i.t.j.JdbcTransaction [main] Closing JDBC Connection [oracle.jdbc.driver.T4CConnection@2d9d4f9d]
2018-07-20 10:58:57,740 DEBUG .a.i.d.p.PooledDataSource [main] Returned connection 765284253 to pool.
2018-07-20 10:58:57,741 DEBUG .a.i.t.j.JdbcTransaction [main] Opening JDBC Connection
2018-07-20 10:58:57,741 DEBUG .a.i.d.p.PooledDataSource [main] Checked out connection 765284253 from pool.
2018-07-20 10:58:57,741 DEBUG .a.i.t.j.JdbcTransaction [main] Setting autocommit to false on JDBC Connection [oracle.jdbc.driver.T4CConnection@2d9d4f9d]
2018-07-20 10:58:57,741 DEBUG .m.P.isExists [main] ==>  Preparing: SELECT p.prodcode FROM product p WHERE p.prodcode = ? 
2018-07-20 10:58:57,741 DEBUG .m.P.isExists [main] ==> Parameters: S002(String)
2018-07-20 10:58:57,742 DEBUG .m.P.isExists [main] <==      Total: 0
2018-07-20 10:58:57,742 DEBUG .a.i.t.j.JdbcTransaction [main] Resetting autocommit to true on JDBC Connection [oracle.jdbc.driver.T4CConnection@2d9d4f9d]
2018-07-20 10:58:57,742 DEBUG .a.i.t.j.JdbcTransaction [main] Closing JDBC Connection [oracle.jdbc.driver.T4CConnection@2d9d4f9d]
2018-07-20 10:58:57,742 DEBUG .a.i.d.p.PooledDataSource [main] Returned connection 765284253 to pool.
2018-07-20 10:58:57,742 DEBUG .a.i.t.j.JdbcTransaction [main] Opening JDBC Connection
2018-07-20 10:58:57,743 DEBUG .a.i.d.p.PooledDataSource [main] Checked out connection 765284253 from pool.
2018-07-20 10:58:57,743 DEBUG .m.P.insert [main] ==>  Preparing: INSERT INTO product ( prodcode , prodname , price , quantity) VALUES ( ? ,? ,? ,? ) 
2018-07-20 10:58:57,743 DEBUG .m.P.insert [main] ==> Parameters: S002(String), 리복 로얄 테크큐 티(String), 42000(Integer), 20(Integer)
2018-07-20 10:58:57,744 DEBUG .m.P.insert [main] <==    Updates: 1
2018-07-20 10:58:57,744 DEBUG .a.i.t.j.JdbcTransaction [main] Closing JDBC Connection [oracle.jdbc.driver.T4CConnection@2d9d4f9d]
2018-07-20 10:58:57,744 DEBUG .a.i.d.p.PooledDataSource [main] Returned connection 765284253 to pool.
2018-07-20 10:58:57,744 DEBUG .a.i.t.j.JdbcTransaction [main] Opening JDBC Connection
2018-07-20 10:58:57,744 DEBUG .a.i.d.p.PooledDataSource [main] Checked out connection 765284253 from pool.
2018-07-20 10:58:57,744 DEBUG .a.i.t.j.JdbcTransaction [main] Setting autocommit to false on JDBC Connection [oracle.jdbc.driver.T4CConnection@2d9d4f9d]
2018-07-20 10:58:57,745 DEBUG .m.P.isExists [main] ==>  Preparing: SELECT p.prodcode FROM product p WHERE p.prodcode = ? 
2018-07-20 10:58:57,745 DEBUG .m.P.isExists [main] ==> Parameters: S003(String)
2018-07-20 10:58:57,745 DEBUG .m.P.isExists [main] <==      Total: 0
2018-07-20 10:58:57,745 DEBUG .a.i.t.j.JdbcTransaction [main] Resetting autocommit to true on JDBC Connection [oracle.jdbc.driver.T4CConnection@2d9d4f9d]
2018-07-20 10:58:57,745 DEBUG .a.i.t.j.JdbcTransaction [main] Closing JDBC Connection [oracle.jdbc.driver.T4CConnection@2d9d4f9d]
2018-07-20 10:58:57,745 DEBUG .a.i.d.p.PooledDataSource [main] Returned connection 765284253 to pool.
2018-07-20 10:58:57,746 DEBUG .a.i.t.j.JdbcTransaction [main] Opening JDBC Connection
2018-07-20 10:58:57,746 DEBUG .a.i.d.p.PooledDataSource [main] Checked out connection 765284253 from pool.
2018-07-20 10:58:57,746 DEBUG .m.P.insert [main] ==>  Preparing: INSERT INTO product ( prodcode , prodname , price , quantity) VALUES ( ? ,? ,? ,? ) 
2018-07-20 10:58:57,746 DEBUG .m.P.insert [main] ==> Parameters: S003(String), 나이키 탄준 샌들(String), 41300(Integer), 30(Integer)
2018-07-20 10:58:57,747 DEBUG .m.P.insert [main] <==    Updates: 1
2018-07-20 10:58:57,747 DEBUG .a.i.t.j.JdbcTransaction [main] Closing JDBC Connection [oracle.jdbc.driver.T4CConnection@2d9d4f9d]
2018-07-20 10:58:57,747 DEBUG .a.i.d.p.PooledDataSource [main] Returned connection 765284253 to pool.
2018-07-20 10:58:57,747 DEBUG .a.i.t.j.JdbcTransaction [main] Opening JDBC Connection
2018-07-20 10:58:57,747 DEBUG .a.i.d.p.PooledDataSource [main] Checked out connection 765284253 from pool.
2018-07-20 10:58:57,748 DEBUG .a.i.t.j.JdbcTransaction [main] Setting autocommit to false on JDBC Connection [oracle.jdbc.driver.T4CConnection@2d9d4f9d]
2018-07-20 10:58:57,748 DEBUG .m.P.isExists [main] ==>  Preparing: SELECT p.prodcode FROM product p WHERE p.prodcode = ? 
2018-07-20 10:58:57,748 DEBUG .m.P.isExists [main] ==> Parameters: S004(String)
2018-07-20 10:58:57,749 DEBUG .m.P.isExists [main] <==      Total: 0
2018-07-20 10:58:57,749 DEBUG .a.i.t.j.JdbcTransaction [main] Resetting autocommit to true on JDBC Connection [oracle.jdbc.driver.T4CConnection@2d9d4f9d]
2018-07-20 10:58:57,749 DEBUG .a.i.t.j.JdbcTransaction [main] Closing JDBC Connection [oracle.jdbc.driver.T4CConnection@2d9d4f9d]
2018-07-20 10:58:57,750 DEBUG .a.i.d.p.PooledDataSource [main] Returned connection 765284253 to pool.
2018-07-20 10:58:57,750 DEBUG .a.i.t.j.JdbcTransaction [main] Opening JDBC Connection
2018-07-20 10:58:57,750 DEBUG .a.i.d.p.PooledDataSource [main] Checked out connection 765284253 from pool.
2018-07-20 10:58:57,750 DEBUG .m.P.insert [main] ==>  Preparing: INSERT INTO product ( prodcode , prodname , price , quantity) VALUES ( ? ,? ,? ,? ) 
2018-07-20 10:58:57,751 DEBUG .m.P.insert [main] ==> Parameters: S004(String), 라이트라이드 샌들 우먼(String), 40200(Integer), 7(Integer)
2018-07-20 10:58:57,752 DEBUG .m.P.insert [main] <==    Updates: 1
2018-07-20 10:58:57,752 DEBUG .a.i.t.j.JdbcTransaction [main] Closing JDBC Connection [oracle.jdbc.driver.T4CConnection@2d9d4f9d]
2018-07-20 10:58:57,753 DEBUG .a.i.d.p.PooledDataSource [main] Returned connection 765284253 to pool.
2018-07-20 10:58:57,753 DEBUG .a.i.t.j.JdbcTransaction [main] Opening JDBC Connection
2018-07-20 10:58:57,753 DEBUG .a.i.d.p.PooledDataSource [main] Checked out connection 765284253 from pool.
2018-07-20 10:58:57,753 DEBUG .a.i.t.j.JdbcTransaction [main] Setting autocommit to false on JDBC Connection [oracle.jdbc.driver.T4CConnection@2d9d4f9d]
2018-07-20 10:58:57,753 DEBUG .m.P.isExists [main] ==>  Preparing: SELECT p.prodcode FROM product p WHERE p.prodcode = ? 
2018-07-20 10:58:57,753 DEBUG .m.P.isExists [main] ==> Parameters: S005(String)
2018-07-20 10:58:57,754 DEBUG .m.P.isExists [main] <==      Total: 0
2018-07-20 10:58:57,754 DEBUG .a.i.t.j.JdbcTransaction [main] Resetting autocommit to true on JDBC Connection [oracle.jdbc.driver.T4CConnection@2d9d4f9d]
2018-07-20 10:58:57,754 DEBUG .a.i.t.j.JdbcTransaction [main] Closing JDBC Connection [oracle.jdbc.driver.T4CConnection@2d9d4f9d]
2018-07-20 10:58:57,754 DEBUG .a.i.d.p.PooledDataSource [main] Returned connection 765284253 to pool.
2018-07-20 10:58:57,754 DEBUG .a.i.t.j.JdbcTransaction [main] Opening JDBC Connection
2018-07-20 10:58:57,754 DEBUG .a.i.d.p.PooledDataSource [main] Checked out connection 765284253 from pool.
2018-07-20 10:58:57,754 DEBUG .m.P.insert [main] ==>  Preparing: INSERT INTO product ( prodcode , prodname , price , quantity) VALUES ( ? ,? ,? ,? ) 
2018-07-20 10:58:57,755 DEBUG .m.P.insert [main] ==> Parameters: S005(String), 지제 에바(String), 29000(Integer), 15(Integer)
2018-07-20 10:58:57,755 DEBUG .m.P.insert [main] <==    Updates: 1
2018-07-20 10:58:57,756 DEBUG .a.i.t.j.JdbcTransaction [main] Closing JDBC Connection [oracle.jdbc.driver.T4CConnection@2d9d4f9d]
2018-07-20 10:58:57,756 DEBUG .a.i.d.p.PooledDataSource [main] Returned connection 765284253 to pool.
2018-07-20 10:58:57,756 DEBUG .a.i.t.j.JdbcTransaction [main] Opening JDBC Connection
2018-07-20 10:58:57,756 DEBUG .a.i.d.p.PooledDataSource [main] Checked out connection 765284253 from pool.
2018-07-20 10:58:57,756 DEBUG .a.i.t.j.JdbcTransaction [main] Setting autocommit to false on JDBC Connection [oracle.jdbc.driver.T4CConnection@2d9d4f9d]
2018-07-20 10:58:57,756 DEBUG .m.P.selectAll [main] ==>  Preparing: SELECT p.prodcode , p.prodname , p.price , p.quantity FROM product p 
2018-07-20 10:58:57,757 DEBUG .m.P.selectAll [main] ==> Parameters: 
2018-07-20 10:58:57,760 TRACE .m.P.selectAll [main] <==    Columns: PRODCODE, PRODNAME, PRICE, QUANTITY
2018-07-20 10:58:57,764 TRACE .m.P.selectAll [main] <==        Row: S001, 슈퍼스타, 87200, 5
2018-07-20 10:58:57,767 TRACE .m.P.selectAll [main] <==        Row: S002, 리복 로얄 테크큐 티, 42000, 20
2018-07-20 10:58:57,767 TRACE .m.P.selectAll [main] <==        Row: S003, 나이키 탄준 샌들, 41300, 30
2018-07-20 10:58:57,768 TRACE .m.P.selectAll [main] <==        Row: S004, 라이트라이드 샌들 우먼, 40200, 7
2018-07-20 10:58:57,769 TRACE .m.P.selectAll [main] <==        Row: S005, 지제 에바, 29000, 15
2018-07-20 10:58:57,769 DEBUG .m.P.selectAll [main] <==      Total: 5
2018-07-20 10:58:57,769 DEBUG .a.i.t.j.JdbcTransaction [main] Resetting autocommit to true on JDBC Connection [oracle.jdbc.driver.T4CConnection@2d9d4f9d]
2018-07-20 10:58:57,769 DEBUG .a.i.t.j.JdbcTransaction [main] Closing JDBC Connection [oracle.jdbc.driver.T4CConnection@2d9d4f9d]
2018-07-20 10:58:57,770 DEBUG .a.i.d.p.PooledDataSource [main] Returned connection 765284253 to pool.
2018-07-20 10:58:57,773 DEBUG .a.i.t.j.JdbcTransaction [main] Opening JDBC Connection
2018-07-20 10:58:57,773 DEBUG .a.i.d.p.PooledDataSource [main] Checked out connection 765284253 from pool.
2018-07-20 10:58:57,773 DEBUG .a.i.t.j.JdbcTransaction [main] Setting autocommit to false on JDBC Connection [oracle.jdbc.driver.T4CConnection@2d9d4f9d]
2018-07-20 10:58:57,773 DEBUG .m.P.isExists [main] ==>  Preparing: SELECT p.prodcode FROM product p WHERE p.prodcode = ? 
2018-07-20 10:58:57,774 DEBUG .m.P.isExists [main] ==> Parameters: S001(String)
2018-07-20 10:58:57,775 TRACE .m.P.isExists [main] <==    Columns: PRODCODE
2018-07-20 10:58:57,775 TRACE .m.P.isExists [main] <==        Row: S001
2018-07-20 10:58:57,776 DEBUG .m.P.isExists [main] <==      Total: 1
2018-07-20 10:58:57,776 DEBUG .a.i.t.j.JdbcTransaction [main] Resetting autocommit to true on JDBC Connection [oracle.jdbc.driver.T4CConnection@2d9d4f9d]
2018-07-20 10:58:57,776 DEBUG .a.i.t.j.JdbcTransaction [main] Closing JDBC Connection [oracle.jdbc.driver.T4CConnection@2d9d4f9d]
2018-07-20 10:58:57,776 DEBUG .a.i.d.p.PooledDataSource [main] Returned connection 765284253 to pool.
2018-07-20 10:58:57,776 DEBUG .a.i.t.j.JdbcTransaction [main] Opening JDBC Connection
2018-07-20 10:58:57,776 DEBUG .a.i.d.p.PooledDataSource [main] Checked out connection 765284253 from pool.
2018-07-20 10:58:57,776 DEBUG .m.P.update [main] ==>  Preparing: UPDATE product p SET p.PRODNAME = ? , p.PRICE = ? , p.QUANTITY = ? , p.MODDATE = sysdate WHERE p.PRODCODE = ? 
2018-07-20 10:58:57,777 DEBUG .m.P.update [main] ==> Parameters: 슈퍼스타(String), 75000(Integer), 5(Integer), S001(String)
2018-07-20 10:58:57,778 DEBUG .m.P.update [main] <==    Updates: 1
2018-07-20 10:58:57,778 DEBUG .a.i.t.j.JdbcTransaction [main] Closing JDBC Connection [oracle.jdbc.driver.T4CConnection@2d9d4f9d]
2018-07-20 10:58:57,778 DEBUG .a.i.d.p.PooledDataSource [main] Returned connection 765284253 to pool.
2018-07-20 10:58:57,779 DEBUG .a.i.t.j.JdbcTransaction [main] Opening JDBC Connection
2018-07-20 10:58:57,779 DEBUG .a.i.d.p.PooledDataSource [main] Checked out connection 765284253 from pool.
2018-07-20 10:58:57,779 DEBUG .a.i.t.j.JdbcTransaction [main] Setting autocommit to false on JDBC Connection [oracle.jdbc.driver.T4CConnection@2d9d4f9d]
2018-07-20 10:58:57,779 DEBUG .m.P.isExists [main] ==>  Preparing: SELECT p.prodcode FROM product p WHERE p.prodcode = ? 
2018-07-20 10:58:57,779 DEBUG .m.P.isExists [main] ==> Parameters: S001(String)
2018-07-20 10:58:57,780 TRACE .m.P.isExists [main] <==    Columns: PRODCODE
2018-07-20 10:58:57,780 TRACE .m.P.isExists [main] <==        Row: S001
2018-07-20 10:58:57,780 DEBUG .m.P.isExists [main] <==      Total: 1
2018-07-20 10:58:57,780 DEBUG .a.i.t.j.JdbcTransaction [main] Resetting autocommit to true on JDBC Connection [oracle.jdbc.driver.T4CConnection@2d9d4f9d]
2018-07-20 10:58:57,780 DEBUG .a.i.t.j.JdbcTransaction [main] Closing JDBC Connection [oracle.jdbc.driver.T4CConnection@2d9d4f9d]
2018-07-20 10:58:57,781 DEBUG .a.i.d.p.PooledDataSource [main] Returned connection 765284253 to pool.
2018-07-20 10:58:57,781 DEBUG .a.i.t.j.JdbcTransaction [main] Opening JDBC Connection
2018-07-20 10:58:57,781 DEBUG .a.i.d.p.PooledDataSource [main] Checked out connection 765284253 from pool.
2018-07-20 10:58:57,781 DEBUG .a.i.t.j.JdbcTransaction [main] Setting autocommit to false on JDBC Connection [oracle.jdbc.driver.T4CConnection@2d9d4f9d]
2018-07-20 10:58:57,781 DEBUG .m.P.selectOne [main] ==>  Preparing: SELECT p.prodcode , p.prodname , p.price , p.quantity FROM product p WHERE p.prodcode = ? 
2018-07-20 10:58:57,781 DEBUG .m.P.selectOne [main] ==> Parameters: S001(String)
2018-07-20 10:58:57,782 TRACE .m.P.selectOne [main] <==    Columns: PRODCODE, PRODNAME, PRICE, QUANTITY
2018-07-20 10:58:57,783 TRACE .m.P.selectOne [main] <==        Row: S001, 슈퍼스타, 75000, 5
2018-07-20 10:58:57,783 DEBUG .m.P.selectOne [main] <==      Total: 1
2018-07-20 10:58:57,783 DEBUG .a.i.t.j.JdbcTransaction [main] Resetting autocommit to true on JDBC Connection [oracle.jdbc.driver.T4CConnection@2d9d4f9d]
2018-07-20 10:58:57,783 DEBUG .a.i.t.j.JdbcTransaction [main] Closing JDBC Connection [oracle.jdbc.driver.T4CConnection@2d9d4f9d]
2018-07-20 10:58:57,784 DEBUG .a.i.d.p.PooledDataSource [main] Returned connection 765284253 to pool.
2018-07-20 10:58:57,785 DEBUG .a.i.t.j.JdbcTransaction [main] Opening JDBC Connection
2018-07-20 10:58:57,785 DEBUG .a.i.d.p.PooledDataSource [main] Checked out connection 765284253 from pool.
2018-07-20 10:58:57,785 DEBUG .a.i.t.j.JdbcTransaction [main] Setting autocommit to false on JDBC Connection [oracle.jdbc.driver.T4CConnection@2d9d4f9d]
2018-07-20 10:58:57,785 DEBUG .m.P.isExists [main] ==>  Preparing: SELECT p.prodcode FROM product p WHERE p.prodcode = ? 
2018-07-20 10:58:57,785 DEBUG .m.P.isExists [main] ==> Parameters: S001(String)
2018-07-20 10:58:57,786 TRACE .m.P.isExists [main] <==    Columns: PRODCODE
2018-07-20 10:58:57,786 TRACE .m.P.isExists [main] <==        Row: S001
2018-07-20 10:58:57,786 DEBUG .m.P.isExists [main] <==      Total: 1
2018-07-20 10:58:57,787 DEBUG .a.i.t.j.JdbcTransaction [main] Resetting autocommit to true on JDBC Connection [oracle.jdbc.driver.T4CConnection@2d9d4f9d]
2018-07-20 10:58:57,787 DEBUG .a.i.t.j.JdbcTransaction [main] Closing JDBC Connection [oracle.jdbc.driver.T4CConnection@2d9d4f9d]
2018-07-20 10:58:57,787 DEBUG .a.i.d.p.PooledDataSource [main] Returned connection 765284253 to pool.
2018-07-20 10:58:57,787 DEBUG .a.i.t.j.JdbcTransaction [main] Opening JDBC Connection
2018-07-20 10:58:57,787 DEBUG .a.i.d.p.PooledDataSource [main] Checked out connection 765284253 from pool.
2018-07-20 10:58:57,787 DEBUG .m.P.deleteOne [main] ==>  Preparing: DELETE product p WHERE p.prodcode = ? 
2018-07-20 10:58:57,787 DEBUG .m.P.deleteOne [main] ==> Parameters: S001(String)
2018-07-20 10:58:57,788 DEBUG .m.P.deleteOne [main] <==    Updates: 1
2018-07-20 10:58:57,788 DEBUG .a.i.t.j.JdbcTransaction [main] Closing JDBC Connection [oracle.jdbc.driver.T4CConnection@2d9d4f9d]
2018-07-20 10:58:57,789 DEBUG .a.i.d.p.PooledDataSource [main] Returned connection 765284253 to pool.
2018-07-20 10:58:57,789 DEBUG .a.i.t.j.JdbcTransaction [main] Opening JDBC Connection
2018-07-20 10:58:57,789 DEBUG .a.i.d.p.PooledDataSource [main] Checked out connection 765284253 from pool.
2018-07-20 10:58:57,789 DEBUG .a.i.t.j.JdbcTransaction [main] Setting autocommit to false on JDBC Connection [oracle.jdbc.driver.T4CConnection@2d9d4f9d]
2018-07-20 10:58:57,789 DEBUG .m.P.selectAll [main] ==>  Preparing: SELECT p.prodcode , p.prodname , p.price , p.quantity FROM product p 
2018-07-20 10:58:57,789 DEBUG .m.P.selectAll [main] ==> Parameters: 
2018-07-20 10:58:57,790 TRACE .m.P.selectAll [main] <==    Columns: PRODCODE, PRODNAME, PRICE, QUANTITY
2018-07-20 10:58:57,790 TRACE .m.P.selectAll [main] <==        Row: S002, 리복 로얄 테크큐 티, 42000, 20
2018-07-20 10:58:57,791 TRACE .m.P.selectAll [main] <==        Row: S003, 나이키 탄준 샌들, 41300, 30
2018-07-20 10:58:57,791 TRACE .m.P.selectAll [main] <==        Row: S004, 라이트라이드 샌들 우먼, 40200, 7
2018-07-20 10:58:57,792 TRACE .m.P.selectAll [main] <==        Row: S005, 지제 에바, 29000, 15
2018-07-20 10:58:57,792 DEBUG .m.P.selectAll [main] <==      Total: 4
2018-07-20 10:58:57,792 DEBUG .a.i.t.j.JdbcTransaction [main] Resetting autocommit to true on JDBC Connection [oracle.jdbc.driver.T4CConnection@2d9d4f9d]
2018-07-20 10:58:57,792 DEBUG .a.i.t.j.JdbcTransaction [main] Closing JDBC Connection [oracle.jdbc.driver.T4CConnection@2d9d4f9d]
2018-07-20 10:58:57,792 DEBUG .a.i.d.p.PooledDataSource [main] Returned connection 765284253 to pool.
2018-07-20 10:58:57,793 DEBUG .a.i.t.j.JdbcTransaction [main] Opening JDBC Connection
2018-07-20 10:58:57,793 DEBUG .a.i.d.p.PooledDataSource [main] Checked out connection 765284253 from pool.
2018-07-20 10:58:57,793 DEBUG .a.i.t.j.JdbcTransaction [main] Setting autocommit to false on JDBC Connection [oracle.jdbc.driver.T4CConnection@2d9d4f9d]
2018-07-20 10:58:57,793 DEBUG .m.P.isExists [main] ==>  Preparing: SELECT p.prodcode FROM product p WHERE p.prodcode = ? 
2018-07-20 10:58:57,793 DEBUG .m.P.isExists [main] ==> Parameters: P007(String)
2018-07-20 10:58:57,794 DEBUG .m.P.isExists [main] <==      Total: 0
2018-07-20 10:58:57,794 DEBUG .a.i.t.j.JdbcTransaction [main] Resetting autocommit to true on JDBC Connection [oracle.jdbc.driver.T4CConnection@2d9d4f9d]
2018-07-20 10:58:57,794 DEBUG .a.i.t.j.JdbcTransaction [main] Closing JDBC Connection [oracle.jdbc.driver.T4CConnection@2d9d4f9d]
2018-07-20 10:58:57,794 DEBUG .a.i.d.p.PooledDataSource [main] Returned connection 765284253 to pool.
2018-07-20 10:58:57,795 DEBUG .a.i.t.j.JdbcTransaction [main] Opening JDBC Connection
2018-07-20 10:58:57,795 DEBUG .a.i.d.p.PooledDataSource [main] Checked out connection 765284253 from pool.
2018-07-20 10:58:57,795 DEBUG .a.i.t.j.JdbcTransaction [main] Setting autocommit to false on JDBC Connection [oracle.jdbc.driver.T4CConnection@2d9d4f9d]
2018-07-20 10:58:57,795 DEBUG .m.P.isExists [main] ==>  Preparing: SELECT p.prodcode FROM product p WHERE p.prodcode = ? 
2018-07-20 10:58:57,795 DEBUG .m.P.isExists [main] ==> Parameters: P007(String)
2018-07-20 10:58:57,796 DEBUG .m.P.isExists [main] <==      Total: 0
2018-07-20 10:58:57,796 DEBUG .a.i.t.j.JdbcTransaction [main] Resetting autocommit to true on JDBC Connection [oracle.jdbc.driver.T4CConnection@2d9d4f9d]
2018-07-20 10:58:57,796 DEBUG .a.i.t.j.JdbcTransaction [main] Closing JDBC Connection [oracle.jdbc.driver.T4CConnection@2d9d4f9d]
2018-07-20 10:58:57,796 DEBUG .a.i.d.p.PooledDataSource [main] Returned connection 765284253 to pool.
2018-07-20 10:58:57,797 DEBUG .a.i.t.j.JdbcTransaction [main] Opening JDBC Connection
2018-07-20 10:58:57,797 DEBUG .a.i.d.p.PooledDataSource [main] Checked out connection 765284253 from pool.
2018-07-20 10:58:57,797 DEBUG .a.i.t.j.JdbcTransaction [main] Setting autocommit to false on JDBC Connection [oracle.jdbc.driver.T4CConnection@2d9d4f9d]
2018-07-20 10:58:57,797 DEBUG .m.P.isExists [main] ==>  Preparing: SELECT p.prodcode FROM product p WHERE p.prodcode = ? 
2018-07-20 10:58:57,797 DEBUG .m.P.isExists [main] ==> Parameters: S002(String)
2018-07-20 10:58:57,797 TRACE .m.P.isExists [main] <==    Columns: PRODCODE
2018-07-20 10:58:57,797 TRACE .m.P.isExists [main] <==        Row: S002
2018-07-20 10:58:57,798 DEBUG .m.P.isExists [main] <==      Total: 1
2018-07-20 10:58:57,798 DEBUG .a.i.t.j.JdbcTransaction [main] Resetting autocommit to true on JDBC Connection [oracle.jdbc.driver.T4CConnection@2d9d4f9d]
2018-07-20 10:58:57,798 DEBUG .a.i.t.j.JdbcTransaction [main] Closing JDBC Connection [oracle.jdbc.driver.T4CConnection@2d9d4f9d]
2018-07-20 10:58:57,798 DEBUG .a.i.d.p.PooledDataSource [main] Returned connection 765284253 to pool.
2018-07-20 10:58:57,798 DEBUG .a.i.t.j.JdbcTransaction [main] Opening JDBC Connection
2018-07-20 10:58:57,798 DEBUG .a.i.d.p.PooledDataSource [main] Checked out connection 765284253 from pool.
2018-07-20 10:58:57,798 DEBUG .a.i.t.j.JdbcTransaction [main] Setting autocommit to false on JDBC Connection [oracle.jdbc.driver.T4CConnection@2d9d4f9d]
2018-07-20 10:58:57,798 DEBUG .m.P.isExists [main] ==>  Preparing: SELECT p.prodcode FROM product p WHERE p.prodcode = ? 
2018-07-20 10:58:57,798 DEBUG .m.P.isExists [main] ==> Parameters: S002(String)
2018-07-20 10:58:57,800 TRACE .m.P.isExists [main] <==    Columns: PRODCODE
2018-07-20 10:58:57,800 TRACE .m.P.isExists [main] <==        Row: S002
2018-07-20 10:58:57,800 DEBUG .m.P.isExists [main] <==      Total: 1
2018-07-20 10:58:57,800 DEBUG .a.i.t.j.JdbcTransaction [main] Resetting autocommit to true on JDBC Connection [oracle.jdbc.driver.T4CConnection@2d9d4f9d]
2018-07-20 10:58:57,801 DEBUG .a.i.t.j.JdbcTransaction [main] Closing JDBC Connection [oracle.jdbc.driver.T4CConnection@2d9d4f9d]
2018-07-20 10:58:57,801 DEBUG .a.i.d.p.PooledDataSource [main] Returned connection 765284253 to pool.
2018-07-20 10:58:57,801 DEBUG .a.i.t.j.JdbcTransaction [main] Opening JDBC Connection
2018-07-20 10:58:57,801 DEBUG .a.i.d.p.PooledDataSource [main] Checked out connection 765284253 from pool.
2018-07-20 10:58:57,801 DEBUG .m.P.deleteOne [main] ==>  Preparing: DELETE product p WHERE p.prodcode = ? 
2018-07-20 10:58:57,801 DEBUG .m.P.deleteOne [main] ==> Parameters: S002(String)
2018-07-20 10:58:57,803 DEBUG .m.P.deleteOne [main] <==    Updates: 1
2018-07-20 10:58:57,803 DEBUG .a.i.t.j.JdbcTransaction [main] Closing JDBC Connection [oracle.jdbc.driver.T4CConnection@2d9d4f9d]
2018-07-20 10:58:57,803 DEBUG .a.i.d.p.PooledDataSource [main] Returned connection 765284253 to pool.
2018-07-20 10:58:57,803 DEBUG .a.i.t.j.JdbcTransaction [main] Opening JDBC Connection
2018-07-20 10:58:57,803 DEBUG .a.i.d.p.PooledDataSource [main] Checked out connection 765284253 from pool.
2018-07-20 10:58:57,803 DEBUG .a.i.t.j.JdbcTransaction [main] Setting autocommit to false on JDBC Connection [oracle.jdbc.driver.T4CConnection@2d9d4f9d]
2018-07-20 10:58:57,803 DEBUG .m.P.isExists [main] ==>  Preparing: SELECT p.prodcode FROM product p WHERE p.prodcode = ? 
2018-07-20 10:58:57,803 DEBUG .m.P.isExists [main] ==> Parameters: S003(String)
2018-07-20 10:58:57,805 TRACE .m.P.isExists [main] <==    Columns: PRODCODE
2018-07-20 10:58:57,805 TRACE .m.P.isExists [main] <==        Row: S003
2018-07-20 10:58:57,805 DEBUG .m.P.isExists [main] <==      Total: 1
2018-07-20 10:58:57,805 DEBUG .a.i.t.j.JdbcTransaction [main] Resetting autocommit to true on JDBC Connection [oracle.jdbc.driver.T4CConnection@2d9d4f9d]
2018-07-20 10:58:57,805 DEBUG .a.i.t.j.JdbcTransaction [main] Closing JDBC Connection [oracle.jdbc.driver.T4CConnection@2d9d4f9d]
2018-07-20 10:58:57,805 DEBUG .a.i.d.p.PooledDataSource [main] Returned connection 765284253 to pool.
2018-07-20 10:58:57,805 DEBUG .a.i.t.j.JdbcTransaction [main] Opening JDBC Connection
2018-07-20 10:58:57,805 DEBUG .a.i.d.p.PooledDataSource [main] Checked out connection 765284253 from pool.
2018-07-20 10:58:57,805 DEBUG .m.P.deleteOne [main] ==>  Preparing: DELETE product p WHERE p.prodcode = ? 
2018-07-20 10:58:57,805 DEBUG .m.P.deleteOne [main] ==> Parameters: S003(String)
2018-07-20 10:58:57,806 DEBUG .m.P.deleteOne [main] <==    Updates: 1
2018-07-20 10:58:57,807 DEBUG .a.i.t.j.JdbcTransaction [main] Closing JDBC Connection [oracle.jdbc.driver.T4CConnection@2d9d4f9d]
2018-07-20 10:58:57,807 DEBUG .a.i.d.p.PooledDataSource [main] Returned connection 765284253 to pool.
2018-07-20 10:58:57,807 DEBUG .a.i.t.j.JdbcTransaction [main] Opening JDBC Connection
2018-07-20 10:58:57,807 DEBUG .a.i.d.p.PooledDataSource [main] Checked out connection 765284253 from pool.
2018-07-20 10:58:57,807 DEBUG .a.i.t.j.JdbcTransaction [main] Setting autocommit to false on JDBC Connection [oracle.jdbc.driver.T4CConnection@2d9d4f9d]
2018-07-20 10:58:57,807 DEBUG .m.P.isExists [main] ==>  Preparing: SELECT p.prodcode FROM product p WHERE p.prodcode = ? 
2018-07-20 10:58:57,808 DEBUG .m.P.isExists [main] ==> Parameters: S004(String)
2018-07-20 10:58:57,808 TRACE .m.P.isExists [main] <==    Columns: PRODCODE
2018-07-20 10:58:57,808 TRACE .m.P.isExists [main] <==        Row: S004
2018-07-20 10:58:57,808 DEBUG .m.P.isExists [main] <==      Total: 1
2018-07-20 10:58:57,808 DEBUG .a.i.t.j.JdbcTransaction [main] Resetting autocommit to true on JDBC Connection [oracle.jdbc.driver.T4CConnection@2d9d4f9d]
2018-07-20 10:58:57,808 DEBUG .a.i.t.j.JdbcTransaction [main] Closing JDBC Connection [oracle.jdbc.driver.T4CConnection@2d9d4f9d]
2018-07-20 10:58:57,808 DEBUG .a.i.d.p.PooledDataSource [main] Returned connection 765284253 to pool.
2018-07-20 10:58:57,809 DEBUG .a.i.t.j.JdbcTransaction [main] Opening JDBC Connection
2018-07-20 10:58:57,809 DEBUG .a.i.d.p.PooledDataSource [main] Checked out connection 765284253 from pool.
2018-07-20 10:58:57,809 DEBUG .m.P.deleteOne [main] ==>  Preparing: DELETE product p WHERE p.prodcode = ? 
2018-07-20 10:58:57,809 DEBUG .m.P.deleteOne [main] ==> Parameters: S004(String)
2018-07-20 10:58:57,810 DEBUG .m.P.deleteOne [main] <==    Updates: 1
2018-07-20 10:58:57,810 DEBUG .a.i.t.j.JdbcTransaction [main] Closing JDBC Connection [oracle.jdbc.driver.T4CConnection@2d9d4f9d]
2018-07-20 10:58:57,810 DEBUG .a.i.d.p.PooledDataSource [main] Returned connection 765284253 to pool.
2018-07-20 10:58:57,811 DEBUG .a.i.t.j.JdbcTransaction [main] Opening JDBC Connection
2018-07-20 10:58:57,811 DEBUG .a.i.d.p.PooledDataSource [main] Checked out connection 765284253 from pool.
2018-07-20 10:58:57,811 DEBUG .a.i.t.j.JdbcTransaction [main] Setting autocommit to false on JDBC Connection [oracle.jdbc.driver.T4CConnection@2d9d4f9d]
2018-07-20 10:58:57,811 DEBUG .m.P.isExists [main] ==>  Preparing: SELECT p.prodcode FROM product p WHERE p.prodcode = ? 
2018-07-20 10:58:57,811 DEBUG .m.P.isExists [main] ==> Parameters: S005(String)
2018-07-20 10:58:57,812 TRACE .m.P.isExists [main] <==    Columns: PRODCODE
2018-07-20 10:58:57,812 TRACE .m.P.isExists [main] <==        Row: S005
2018-07-20 10:58:57,812 DEBUG .m.P.isExists [main] <==      Total: 1
2018-07-20 10:58:57,812 DEBUG .a.i.t.j.JdbcTransaction [main] Resetting autocommit to true on JDBC Connection [oracle.jdbc.driver.T4CConnection@2d9d4f9d]
2018-07-20 10:58:57,812 DEBUG .a.i.t.j.JdbcTransaction [main] Closing JDBC Connection [oracle.jdbc.driver.T4CConnection@2d9d4f9d]
2018-07-20 10:58:57,812 DEBUG .a.i.d.p.PooledDataSource [main] Returned connection 765284253 to pool.
2018-07-20 10:58:57,812 DEBUG .a.i.t.j.JdbcTransaction [main] Opening JDBC Connection
2018-07-20 10:58:57,812 DEBUG .a.i.d.p.PooledDataSource [main] Checked out connection 765284253 from pool.
2018-07-20 10:58:57,813 DEBUG .m.P.deleteOne [main] ==>  Preparing: DELETE product p WHERE p.prodcode = ? 
2018-07-20 10:58:57,813 DEBUG .m.P.deleteOne [main] ==> Parameters: S005(String)
2018-07-20 10:58:57,814 DEBUG .m.P.deleteOne [main] <==    Updates: 1
2018-07-20 10:58:57,814 DEBUG .a.i.t.j.JdbcTransaction [main] Closing JDBC Connection [oracle.jdbc.driver.T4CConnection@2d9d4f9d]
2018-07-20 10:58:57,814 DEBUG .a.i.d.p.PooledDataSource [main] Returned connection 765284253 to pool.
